<?xml version="1.0" encoding="UTF-8"?>
<!-- Generated by org.testng.reporters.JUnitXMLReporter -->
<testsuite ignored="0" hostname="DESKTOP-86B7SHQ" failures="1" tests="2" name="Test" time="105.77" errors="0" timestamp="2025-06-23T17:31:15 IST">
  <testcase classname="testCases.TC001_AccountRegistrationTest" name="verify_account_registration" time="4.937"/>
  <testcase classname="testCases.TC002_LoginTest" name="verify_login" time="15.028">
    <failure type="java.lang.AssertionError" message="expected [true] but found [false]">
      <![CDATA[java.lang.AssertionError: expected [true] but found [false]
at testCases.TC002_LoginTest.verify_login(TC002_LoginTest.java:35)
at java.base/java.util.ArrayList.forEach(ArrayList.java:1604)
... Removed 33 stack frames]]>
    </failure>
  </testcase> <!-- verify_login -->
</testsuite> <!-- Test -->
